<?xml version="1.0" encoding="UTF-8"?>
<!-- Generated by org.testng.reporters.JUnitXMLReporter -->
<testsuite hostname="hp-PC" ignored="12" name="Test in Chrome(failed)" tests="3" failures="1" timestamp="07 Sep 2020 13:56:48 GMT" time="100.534" errors="0">
  <testcase name="VerifyForgetPasswordtest" time="4.841" classname="com.yourlogo.testcases.LoginPageTest"/>
  <testcase name="InvalidCredentialsTest" time="4.14" classname="com.yourlogo.testcases.LoginPageTest"/>
  <testcase name="VerifySortByLowestPriceTest" time="3.785" classname="com.yourlogo.testcases.SearchPageTest">
    <failure type="java.lang.IndexOutOfBoundsException" message="Index: 8, Size: 7">
      <![CDATA[java.lang.IndexOutOfBoundsException: Index: 8, Size: 7
at java.util.ArrayList.rangeCheck(ArrayList.java:657)
at java.util.ArrayList.get(ArrayList.java:433)
at com.yourlogo.pages.SearchPage.sortByLowestPrice(SearchPage.java:140)
at com.yourlogo.testcases.SearchPageTest.VerifySortByLowestPriceTest(SearchPageTest.java:45)
at java.util.concurrent.FutureTask.run(FutureTask.java:266)
at java.util.concurrent.ThreadPoolExecutor.runWorker(ThreadPoolExecutor.java:1149)
at java.util.concurrent.ThreadPoolExecutor$Worker.run(ThreadPoolExecutor.java:624)
at java.lang.Thread.run(Thread.java:748)
... Removed 16 stack frames]]>
    </failure>
  </testcase> <!-- VerifySortByLowestPriceTest -->
  <testcase name="VerifyProductsPerPageTest" time="0.0" classname="com.yourlogo.testcases.SearchPageTest">
    <ignored/>
  </testcase> <!-- VerifyProductsPerPageTest -->
  <testcase name="VerifyTopNavigationOnLogin" time="0.0" classname="com.yourlogo.testcases.LoginPageTest">
    <ignored/>
  </testcase> <!-- VerifyTopNavigationOnLogin -->
  <testcase name="ValidateMoreButtonTest" time="0.0" classname="com.yourlogo.testcases.SearchPageTest">
    <ignored/>
  </testcase> <!-- ValidateMoreButtonTest -->
  <testcase name="VerifyLoginPagetitletest" time="0.0" classname="com.yourlogo.testcases.LoginPageTest">
    <ignored/>
  </testcase> <!-- VerifyLoginPagetitletest -->
  <testcase name="ValidateQuickViewLinkTest" time="0.0" classname="com.yourlogo.testcases.SearchPageTest">
    <ignored/>
  </testcase> <!-- ValidateQuickViewLinkTest -->
  <testcase name="VerifyAddToCartTest" time="0.0" classname="com.yourlogo.testcases.SearchPageTest">
    <ignored/>
  </testcase> <!-- VerifyAddToCartTest -->
  <testcase name="VerifySignOutTest" time="0.0" classname="com.yourlogo.testcases.LoginPageTest">
    <ignored/>
  </testcase> <!-- VerifySignOutTest -->
  <testcase name="VerifySearchBox" time="0.0" classname="com.yourlogo.testcases.LoginPageTest">
    <ignored/>
  </testcase> <!-- VerifySearchBox -->
  <testcase name="ValidateLoginTest" time="0.0" classname="com.yourlogo.testcases.LoginPageTest">
    <ignored/>
  </testcase> <!-- ValidateLoginTest -->
  <testcase name="VerifykeywordFromSearchPageTest" time="0.0" classname="com.yourlogo.testcases.SearchPageTest">
    <ignored/>
  </testcase> <!-- VerifykeywordFromSearchPageTest -->
  <testcase name="VerifyCartLinkTest" time="0.0" classname="com.yourlogo.testcases.LoginPageTest">
    <ignored/>
  </testcase> <!-- VerifyCartLinkTest -->
  <testcase name="validateInvalidCreateEmail" time="0.0" classname="com.yourlogo.testcases.LoginPageTest">
    <ignored/>
  </testcase> <!-- validateInvalidCreateEmail -->
</testsuite> <!-- Test in Chrome(failed) -->
