<?xml version="1.0" encoding="UTF-8"?>
<testng-results skipped="0" failed="1" ignored="4" total="6" passed="1">
  <reporter-output>
  </reporter-output>
  <suite name="Suite" duration-ms="49671" started-at="2020-09-08T13:58:20Z" finished-at="2020-09-08T13:59:10Z">
    <groups>
    </groups>
    <test name="Test in Chrome" duration-ms="49671" started-at="2020-09-08T13:58:20Z" finished-at="2020-09-08T13:59:10Z">
      <class name="com.yourlogo.testcases.SearchPageTest">
        <test-method status="PASS" signature="setup(java.lang.String)[pri:0, instance:com.yourlogo.testcases.SearchPageTest@45f292]" name="setup" is-config="true" duration-ms="25095" started-at="2020-09-08T13:58:20Z" finished-at="2020-09-08T13:58:45Z">
          <params>
            <param index="0">
              <value>
                <![CDATA[chrome]]>
              </value>
            </param>
          </params>
          <reporter-output>
          </reporter-output>
        </test-method> <!-- setup -->
        <test-method status="PASS" signature="setup()[pri:0, instance:com.yourlogo.testcases.SearchPageTest@45f292]" name="setup" is-config="true" duration-ms="4201" started-at="2020-09-08T13:58:45Z" finished-at="2020-09-08T13:58:50Z">
          <reporter-output>
          </reporter-output>
        </test-method> <!-- setup -->
        <test-method status="FAIL" signature="ValidateQuickViewLinkTest()[pri:0, instance:com.yourlogo.testcases.SearchPageTest@45f292]" name="ValidateQuickViewLinkTest" duration-ms="5400" started-at="2020-09-08T13:58:50Z" finished-at="2020-09-08T13:58:55Z">
          <exception class="org.openqa.selenium.NoSuchElementException">
            <message>
              <![CDATA[no such element: Unable to locate element: {"method":"xpath","selector":"//a[@class="fancybox-item fancybox-closea"]"}
  (Session info: chrome=85.0.4183.83)
For documentation on this error, please visit: https://www.seleniumhq.org/exceptions/no_such_element.html
Build info: version: '3.141.59', revision: 'e82be7d358', time: '2018-11-14T08:17:03'
System info: host: 'HP-PC', ip: '192.168.225.247', os.name: 'Windows 7', os.arch: 'x86', os.version: '6.1', java.version: '1.8.0_151'
Driver info: org.openqa.selenium.chrome.ChromeDriver
Capabilities {acceptInsecureCerts: false, browserName: chrome, browserVersion: 85.0.4183.83, chrome: {chromedriverVersion: 84.0.4147.30 (48b3e868b4cc0..., userDataDir: C:\Users\hp\AppData\Local\T...}, goog:chromeOptions: {debuggerAddress: localhost:4346}, javascriptEnabled: true, networkConnectionEnabled: false, pageLoadStrategy: normal, platform: WINDOWS, platformName: WINDOWS, proxy: Proxy(), setWindowRect: true, strictFileInteractability: false, timeouts: {implicit: 0, pageLoad: 300000, script: 30000}, unhandledPromptBehavior: dismiss and notify, webauthn:virtualAuthenticators: true}
Session ID: bd8cf3a7f5ac1bed0023004816298a33
*** Element info: {Using=xpath, value=//a[@class="fancybox-item fancybox-closea"]}]]>
            </message>
            <full-stacktrace>
              <![CDATA[org.openqa.selenium.NoSuchElementException: no such element: Unable to locate element: {"method":"xpath","selector":"//a[@class="fancybox-item fancybox-closea"]"}
  (Session info: chrome=85.0.4183.83)
For documentation on this error, please visit: https://www.seleniumhq.org/exceptions/no_such_element.html
Build info: version: '3.141.59', revision: 'e82be7d358', time: '2018-11-14T08:17:03'
System info: host: 'HP-PC', ip: '192.168.225.247', os.name: 'Windows 7', os.arch: 'x86', os.version: '6.1', java.version: '1.8.0_151'
Driver info: org.openqa.selenium.chrome.ChromeDriver
Capabilities {acceptInsecureCerts: false, browserName: chrome, browserVersion: 85.0.4183.83, chrome: {chromedriverVersion: 84.0.4147.30 (48b3e868b4cc0..., userDataDir: C:\Users\hp\AppData\Local\T...}, goog:chromeOptions: {debuggerAddress: localhost:4346}, javascriptEnabled: true, networkConnectionEnabled: false, pageLoadStrategy: normal, platform: WINDOWS, platformName: WINDOWS, proxy: Proxy(), setWindowRect: true, strictFileInteractability: false, timeouts: {implicit: 0, pageLoad: 300000, script: 30000}, unhandledPromptBehavior: dismiss and notify, webauthn:virtualAuthenticators: true}
Session ID: bd8cf3a7f5ac1bed0023004816298a33
*** Element info: {Using=xpath, value=//a[@class="fancybox-item fancybox-closea"]}
at sun.reflect.NativeConstructorAccessorImpl.newInstance0(Native Method)
at sun.reflect.NativeConstructorAccessorImpl.newInstance(NativeConstructorAccessorImpl.java:62)
at sun.reflect.DelegatingConstructorAccessorImpl.newInstance(DelegatingConstructorAccessorImpl.java:45)
at java.lang.reflect.Constructor.newInstance(Constructor.java:423)
at org.openqa.selenium.remote.http.W3CHttpResponseCodec.createException(W3CHttpResponseCodec.java:187)
at org.openqa.selenium.remote.http.W3CHttpResponseCodec.decode(W3CHttpResponseCodec.java:122)
at org.openqa.selenium.remote.http.W3CHttpResponseCodec.decode(W3CHttpResponseCodec.java:49)
at org.openqa.selenium.remote.HttpCommandExecutor.execute(HttpCommandExecutor.java:158)
at org.openqa.selenium.remote.service.DriverCommandExecutor.execute(DriverCommandExecutor.java:83)
at org.openqa.selenium.remote.RemoteWebDriver.execute(RemoteWebDriver.java:552)
at org.openqa.selenium.remote.RemoteWebDriver.findElement(RemoteWebDriver.java:323)
at org.openqa.selenium.remote.RemoteWebDriver.findElementByXPath(RemoteWebDriver.java:428)
at org.openqa.selenium.By$ByXPath.findElement(By.java:353)
at org.openqa.selenium.remote.RemoteWebDriver.findElement(RemoteWebDriver.java:315)
at com.yourlogo.pages.SearchPage.quickView(SearchPage.java:223)
at com.yourlogo.testcases.SearchPageTest.ValidateQuickViewLinkTest(SearchPageTest.java:70)
at sun.reflect.NativeMethodAccessorImpl.invoke0(Native Method)
at sun.reflect.NativeMethodAccessorImpl.invoke(NativeMethodAccessorImpl.java:62)
at sun.reflect.DelegatingMethodAccessorImpl.invoke(DelegatingMethodAccessorImpl.java:43)
at java.lang.reflect.Method.invoke(Method.java:498)
at org.testng.internal.MethodInvocationHelper.invokeMethod(MethodInvocationHelper.java:124)
at org.testng.internal.Invoker.invokeMethod(Invoker.java:580)
at org.testng.internal.Invoker.invokeTestMethod(Invoker.java:716)
at org.testng.internal.Invoker.invokeTestMethods(Invoker.java:988)
at org.testng.internal.TestMethodWorker.invokeTestMethods(TestMethodWorker.java:125)
at org.testng.internal.TestMethodWorker.run(TestMethodWorker.java:109)
at org.testng.TestRunner.privateRun(TestRunner.java:648)
at org.testng.TestRunner.run(TestRunner.java:505)
at org.testng.SuiteRunner.runTest(SuiteRunner.java:455)
at org.testng.SuiteRunner.access$000(SuiteRunner.java:40)
at org.testng.SuiteRunner$SuiteWorker.run(SuiteRunner.java:489)
at org.testng.internal.thread.ThreadUtil$1.call(ThreadUtil.java:52)
at java.util.concurrent.FutureTask.run(FutureTask.java:266)
at java.util.concurrent.ThreadPoolExecutor.runWorker(ThreadPoolExecutor.java:1149)
at java.util.concurrent.ThreadPoolExecutor$Worker.run(ThreadPoolExecutor.java:624)
at java.lang.Thread.run(Thread.java:748)
]]>
            </full-stacktrace>
          </exception> <!-- org.openqa.selenium.NoSuchElementException -->
          <reporter-output>
          </reporter-output>
        </test-method> <!-- ValidateQuickViewLinkTest -->
        <test-method status="PASS" signature="getResult(org.testng.ITestResult)[pri:0, instance:com.yourlogo.testcases.SearchPageTest@45f292]" name="getResult" is-config="true" duration-ms="8067" started-at="2020-09-08T13:58:55Z" finished-at="2020-09-08T13:59:03Z">
          <params>
            <param index="0">
              <value>
                <![CDATA[[TestResult name=ValidateQuickViewLinkTest status=FAILURE method=SearchPageTest.ValidateQuickViewLinkTest()[pri:0, instance:com.yourlogo.testcases.SearchPageTest@45f292] output={null}]]]>
              </value>
            </param>
          </params>
          <reporter-output>
          </reporter-output>
        </test-method> <!-- getResult -->
        <test-method status="PASS" signature="setup()[pri:0, instance:com.yourlogo.testcases.SearchPageTest@45f292]" name="setup" is-config="true" duration-ms="2831" started-at="2020-09-08T13:59:03Z" finished-at="2020-09-08T13:59:06Z">
          <reporter-output>
          </reporter-output>
        </test-method> <!-- setup -->
        <test-method status="PASS" signature="VerifyAddToCartTest()[pri:0, instance:com.yourlogo.testcases.SearchPageTest@45f292]" name="VerifyAddToCartTest" duration-ms="2644" started-at="2020-09-08T13:59:06Z" finished-at="2020-09-08T13:59:09Z">
          <reporter-output>
          </reporter-output>
        </test-method> <!-- VerifyAddToCartTest -->
        <test-method status="PASS" signature="teardown()[pri:0, instance:com.yourlogo.testcases.SearchPageTest@45f292]" name="teardown" is-config="true" duration-ms="1160" started-at="2020-09-08T13:59:09Z" finished-at="2020-09-08T13:59:10Z">
          <reporter-output>
          </reporter-output>
        </test-method> <!-- teardown -->
        <test-method status="PASS" signature="getResult(org.testng.ITestResult)[pri:0, instance:com.yourlogo.testcases.SearchPageTest@45f292]" name="getResult" is-config="true" duration-ms="0" started-at="2020-09-08T13:59:09Z" finished-at="2020-09-08T13:59:09Z">
          <params>
            <param index="0">
              <value>
                <![CDATA[[TestResult name=VerifyAddToCartTest status=SUCCESS method=SearchPageTest.VerifyAddToCartTest()[pri:0, instance:com.yourlogo.testcases.SearchPageTest@45f292] output={null}]]]>
              </value>
            </param>
          </params>
          <reporter-output>
          </reporter-output>
        </test-method> <!-- getResult -->
      </class> <!-- com.yourlogo.testcases.SearchPageTest -->
    </test> <!-- Test in Chrome -->
  </suite> <!-- Suite -->
</testng-results>
