<?xml version="1.0" encoding="UTF-8"?>
<!-- Generated by org.testng.reporters.JUnitXMLReporter -->
<testsuite hostname="LENOVO-PC" ignored="11" name="Test in Chrome" tests="7" failures="1" timestamp="10 Sep 2020 13:32:27 GMT" time="378.692" errors="0">
  <testcase name="ValidateLoginTest" time="13.461" classname="com.yourlogo.testcases.LoginPageTest"/>
  <testcase name="VerifyForgetPasswordtest" time="6.155" classname="com.yourlogo.testcases.LoginPageTest"/>
  <testcase name="VerifySignOutTest" time="12.309" classname="com.yourlogo.testcases.LoginPageTest"/>
  <testcase name="VerifyAddToCartTest" time="13.117" classname="com.yourlogo.testcases.SearchPageTest"/>
  <testcase name="VerifykeywordFromSearchPageTest" time="4.655" classname="com.yourlogo.testcases.SearchPageTest"/>
  <testcase name="VerifyProductAddtoCartTest" time="5.194" classname="com.yourlogo.testcases.QuickViewTest">
    <failure type="org.openqa.selenium.json.JsonException" message="java.lang.reflect.InvocationTargetException
Build info: version: &amp;apos;3.141.59&amp;apos;, revision: &amp;apos;e82be7d358&amp;apos;, time: &amp;apos;2018-11-14T08:17:03&amp;apos;
System info: host: &amp;apos;LENOVO-PC&amp;apos;, ip: &amp;apos;192.168.225.190&amp;apos;, os.name: &amp;apos;Windows 8.1&amp;apos;, os.arch: &amp;apos;amd64&amp;apos;, os.version: &amp;apos;6.3&amp;apos;, java.version: &amp;apos;1.8.0_201&amp;apos;
Driver info: driver.version: RemoteWebDriver">
      <![CDATA[org.openqa.selenium.json.JsonException: java.lang.reflect.InvocationTargetException
Build info: version: '3.141.59', revision: 'e82be7d358', time: '2018-11-14T08:17:03'
System info: host: 'LENOVO-PC', ip: '192.168.225.190', os.name: 'Windows 8.1', os.arch: 'amd64', os.version: '6.3', java.version: '1.8.0_201'
Driver info: driver.version: RemoteWebDriver
at org.openqa.selenium.json.JsonOutput.convertUsingMethod(JsonOutput.java:332)
at org.openqa.selenium.json.JsonOutput.lambda$new$16(JsonOutput.java:155)
at org.openqa.selenium.json.JsonOutput.write(JsonOutput.java:264)
at org.openqa.selenium.json.JsonOutput.lambda$null$21(JsonOutput.java:168)
at java.util.LinkedHashMap$LinkedValues.forEach(Unknown Source)
at org.openqa.selenium.json.JsonOutput.lambda$new$22(JsonOutput.java:168)
at org.openqa.selenium.json.JsonOutput.write(JsonOutput.java:264)
at org.openqa.selenium.json.JsonOutput.lambda$null$23(JsonOutput.java:177)
at com.google.common.collect.SingletonImmutableBiMap.forEach(SingletonImmutableBiMap.java:65)
at org.openqa.selenium.json.JsonOutput.lambda$new$24(JsonOutput.java:176)
at org.openqa.selenium.json.JsonOutput.write(JsonOutput.java:264)
at org.openqa.selenium.json.JsonOutput.write(JsonOutput.java:255)
at org.openqa.selenium.json.Json.toJson(Json.java:42)
at org.openqa.selenium.remote.http.AbstractHttpCommandCodec.encode(AbstractHttpCommandCodec.java:227)
at org.openqa.selenium.remote.http.AbstractHttpCommandCodec.encode(AbstractHttpCommandCodec.java:117)
at org.openqa.selenium.remote.HttpCommandExecutor.execute(HttpCommandExecutor.java:152)
at org.openqa.selenium.remote.service.DriverCommandExecutor.execute(DriverCommandExecutor.java:83)
at org.openqa.selenium.remote.RemoteWebDriver.execute(RemoteWebDriver.java:552)
at org.openqa.selenium.remote.RemoteWebDriver.perform(RemoteWebDriver.java:618)
at org.openqa.selenium.interactions.Actions$BuiltAction.perform(Actions.java:639)
at com.yourlogo.pages.QuickView.AddToCart(QuickView.java:47)
at com.yourlogo.testcases.QuickViewTest.VerifyProductAddtoCartTest(QuickViewTest.java:34)
at java.util.concurrent.FutureTask.run(Unknown Source)
at java.util.concurrent.ThreadPoolExecutor.runWorker(Unknown Source)
at java.util.concurrent.ThreadPoolExecutor$Worker.run(Unknown Source)
at java.lang.Thread.run(Unknown Source)
Suppressed: org.openqa.selenium.json.JsonException: Attempting to close incomplete json stream
Build info: version: '3.141.59', revision: 'e82be7d358', time: '2018-11-14T08:17:03'
System info: host: 'LENOVO-PC', ip: '192.168.225.190', os.name: 'Windows 8.1', os.arch: 'amd64', os.version: '6.3', java.version: '1.8.0_201'
Driver info: driver.version: RemoteWebDriver
at org.openqa.selenium.json.JsonOutput.close(JsonOutput.java:279)
at org.openqa.selenium.json.Json.toJson(Json.java:44)
... 29 more
at org.openqa.selenium.json.JsonOutput.convertUsingMethod(JsonOutput.java:328)
... 41 more
Caused by: org.openqa.selenium.NoSuchElementException: no such element: Unable to locate element: {"method":"xpath","selector":"//li[@class='ajax_block_product col-xs-12 col-sm-6 col-md-4 first-in-line first-item-of-tablet-line first-item-of-mobile-line']//div[@class='product-container']//div[@class='left-block']//div[@class='product-image-container']"}
  (Session info: chrome=85.0.4183.83)
For documentation on this error, please visit: https://www.seleniumhq.org/exceptions/no_such_element.html
Build info: version: '3.141.59', revision: 'e82be7d358', time: '2018-11-14T08:17:03'
System info: host: 'LENOVO-PC', ip: '192.168.225.190', os.name: 'Windows 8.1', os.arch: 'amd64', os.version: '6.3', java.version: '1.8.0_201'
Driver info: org.openqa.selenium.chrome.ChromeDriver
Capabilities {acceptInsecureCerts: false, browserName: chrome, browserVersion: 85.0.4183.83, chrome: {chromedriverVersion: 84.0.4147.30 (48b3e868b4cc0..., userDataDir: C:\Users\Lenovo\AppData\Loc...}, goog:chromeOptions: {debuggerAddress: localhost:63091}, javascriptEnabled: true, networkConnectionEnabled: false, pageLoadStrategy: normal, platform: WINDOWS, platformName: WINDOWS, proxy: Proxy(), setWindowRect: true, strictFileInteractability: false, timeouts: {implicit: 0, pageLoad: 300000, script: 30000}, unhandledPromptBehavior: dismiss and notify, webauthn:virtualAuthenticators: true}
Session ID: 072e731160038c7f5672aaae188fd7cd
*** Element info: {Using=xpath, value=//li[@class='ajax_block_product col-xs-12 col-sm-6 col-md-4 first-in-line first-item-of-tablet-line first-item-of-mobile-line']//div[@class='product-container']//div[@class='left-block']//div[@class='product-image-container']}
at org.openqa.selenium.remote.http.W3CHttpResponseCodec.createException(W3CHttpResponseCodec.java:187)
at org.openqa.selenium.remote.http.W3CHttpResponseCodec.decode(W3CHttpResponseCodec.java:122)
at org.openqa.selenium.remote.http.W3CHttpResponseCodec.decode(W3CHttpResponseCodec.java:49)
at org.openqa.selenium.remote.HttpCommandExecutor.execute(HttpCommandExecutor.java:158)
at org.openqa.selenium.remote.service.DriverCommandExecutor.execute(DriverCommandExecutor.java:83)
at org.openqa.selenium.remote.RemoteWebDriver.execute(RemoteWebDriver.java:552)
at org.openqa.selenium.remote.RemoteWebDriver.findElement(RemoteWebDriver.java:323)
at org.openqa.selenium.remote.RemoteWebDriver.findElementByXPath(RemoteWebDriver.java:428)
at org.openqa.selenium.By$ByXPath.findElement(By.java:353)
at org.openqa.selenium.remote.RemoteWebDriver.findElement(RemoteWebDriver.java:315)
at org.openqa.selenium.support.pagefactory.DefaultElementLocator.findElement(DefaultElementLocator.java:69)
at org.openqa.selenium.support.pagefactory.internal.LocatingElementHandler.invoke(LocatingElementHandler.java:38)
at com.sun.proxy.$Proxy13.getWrappedElement(Unknown Source)
at org.openqa.selenium.interactions.PointerInput$Origin.asArg(PointerInput.java:204)
at org.openqa.selenium.interactions.PointerInput$Move.encode(PointerInput.java:155)
at org.openqa.selenium.interactions.Sequence.encode(Sequence.java:75)
at org.openqa.selenium.interactions.Sequence.toJson(Sequence.java:84)
... 46 more
... Removed 25 stack frames]]>
    </failure>
  </testcase> <!-- VerifyProductAddtoCartTest -->
  <testcase name="VerifyAddtoCartTest" time="5.106" classname="com.yourlogo.testcases.ProductDescriptionPageTest"/>
  <testcase name="VerifyProductsPerPageTest" time="0.0" classname="com.yourlogo.testcases.SearchPageTest">
    <ignored/>
  </testcase> <!-- VerifyProductsPerPageTest -->
  <testcase name="VerifyTopNavigationOnLogin" time="0.0" classname="com.yourlogo.testcases.LoginPageTest">
    <ignored/>
  </testcase> <!-- VerifyTopNavigationOnLogin -->
  <testcase name="ValidateMoreButtonTest" time="0.0" classname="com.yourlogo.testcases.SearchPageTest">
    <ignored/>
  </testcase> <!-- ValidateMoreButtonTest -->
  <testcase name="VerifyLoginPagetitletest" time="0.0" classname="com.yourlogo.testcases.LoginPageTest">
    <ignored/>
  </testcase> <!-- VerifyLoginPagetitletest -->
  <testcase name="VerifySortByLowestPriceTest" time="0.0" classname="com.yourlogo.testcases.SearchPageTest">
    <ignored/>
  </testcase> <!-- VerifySortByLowestPriceTest -->
  <testcase name="ValidateQuickViewLinkTest" time="0.0" classname="com.yourlogo.testcases.SearchPageTest">
    <ignored/>
  </testcase> <!-- ValidateQuickViewLinkTest -->
  <testcase name="VerifySearchBox" time="0.0" classname="com.yourlogo.testcases.LoginPageTest">
    <ignored/>
  </testcase> <!-- VerifySearchBox -->
  <testcase name="VerifyAddToWishlistTest" time="0.0" classname="com.yourlogo.testcases.ProductDescriptionPageTest">
    <ignored/>
  </testcase> <!-- VerifyAddToWishlistTest -->
  <testcase name="VerifyCartLinkTest" time="0.0" classname="com.yourlogo.testcases.LoginPageTest">
    <ignored/>
  </testcase> <!-- VerifyCartLinkTest -->
  <testcase name="validateInvalidCreateEmail" time="0.0" classname="com.yourlogo.testcases.LoginPageTest">
    <ignored/>
  </testcase> <!-- validateInvalidCreateEmail -->
  <testcase name="InvalidCredentialsTest" time="0.0" classname="com.yourlogo.testcases.LoginPageTest">
    <ignored/>
  </testcase> <!-- InvalidCredentialsTest -->
</testsuite> <!-- Test in Chrome -->
