<?xml version="1.0" encoding="UTF-8"?>
<!-- Generated by org.testng.reporters.JUnitXMLReporter -->
<testsuite hostname="hp-PC" ignored="11" name="Test in Firefox" tests="7" failures="1" timestamp="24 Oct 2020 13:51:09 GMT" time="375.499" errors="0">
  <testcase name="ValidateLoginTest" time="6.198" classname="com.yourlogo.testcases.LoginPageTest">
    <failure type="java.lang.AssertionError" message="expected [My account - My Store] but found [Login - My Store]">
      <![CDATA[java.lang.AssertionError: expected [My account - My Store] but found [Login - My Store]
at com.yourlogo.testcases.LoginPageTest.ValidateLoginTest(LoginPageTest.java:66)
at java.util.concurrent.FutureTask.run(FutureTask.java:266)
at java.util.concurrent.ThreadPoolExecutor.runWorker(ThreadPoolExecutor.java:1149)
at java.util.concurrent.ThreadPoolExecutor$Worker.run(ThreadPoolExecutor.java:624)
at java.lang.Thread.run(Thread.java:748)
... Removed 22 stack frames]]>
    </failure>
  </testcase> <!-- ValidateLoginTest -->
  <testcase name="VerifyForgetPasswordtest" time="4.06" classname="com.yourlogo.testcases.LoginPageTest"/>
  <testcase name="VerifySignOutTest" time="8.692" classname="com.yourlogo.testcases.LoginPageTest"/>
  <testcase name="VerifyAddToCartTest" time="11.718" classname="com.yourlogo.testcases.SearchPageTest"/>
  <testcase name="VerifykeywordFromSearchPageTest" time="2.607" classname="com.yourlogo.testcases.SearchPageTest"/>
  <testcase name="VerifyProductAddtoCartTest" time="17.306" classname="com.yourlogo.testcases.QuickViewTest"/>
  <testcase name="VerifyAddtoCartTest" time="1.442" classname="com.yourlogo.testcases.ProductDescriptionPageTest"/>
  <testcase name="VerifyProductsPerPageTest" time="0.0" classname="com.yourlogo.testcases.SearchPageTest">
    <ignored/>
  </testcase> <!-- VerifyProductsPerPageTest -->
  <testcase name="VerifyTopNavigationOnLogin" time="0.0" classname="com.yourlogo.testcases.LoginPageTest">
    <ignored/>
  </testcase> <!-- VerifyTopNavigationOnLogin -->
  <testcase name="ValidateMoreButtonTest" time="0.0" classname="com.yourlogo.testcases.SearchPageTest">
    <ignored/>
  </testcase> <!-- ValidateMoreButtonTest -->
  <testcase name="VerifyLoginPagetitletest" time="0.0" classname="com.yourlogo.testcases.LoginPageTest">
    <ignored/>
  </testcase> <!-- VerifyLoginPagetitletest -->
  <testcase name="VerifySortByLowestPriceTest" time="0.0" classname="com.yourlogo.testcases.SearchPageTest">
    <ignored/>
  </testcase> <!-- VerifySortByLowestPriceTest -->
  <testcase name="ValidateQuickViewLinkTest" time="0.0" classname="com.yourlogo.testcases.SearchPageTest">
    <ignored/>
  </testcase> <!-- ValidateQuickViewLinkTest -->
  <testcase name="VerifySearchBox" time="0.0" classname="com.yourlogo.testcases.LoginPageTest">
    <ignored/>
  </testcase> <!-- VerifySearchBox -->
  <testcase name="VerifyAddToWishlistTest" time="0.0" classname="com.yourlogo.testcases.ProductDescriptionPageTest">
    <ignored/>
  </testcase> <!-- VerifyAddToWishlistTest -->
  <testcase name="VerifyCartLinkTest" time="0.0" classname="com.yourlogo.testcases.LoginPageTest">
    <ignored/>
  </testcase> <!-- VerifyCartLinkTest -->
  <testcase name="InvalidCredentialsTest" time="0.0" classname="com.yourlogo.testcases.LoginPageTest">
    <ignored/>
  </testcase> <!-- InvalidCredentialsTest -->
  <testcase name="validateInvalidCreateEmail" time="0.0" classname="com.yourlogo.testcases.LoginPageTest">
    <ignored/>
  </testcase> <!-- validateInvalidCreateEmail -->
</testsuite> <!-- Test in Firefox -->
